  [1m[36m (44.3ms)[0m  [1mCREATE TABLE "schema_migrations" ("version" character varying NOT NULL) [0m
  [1m[35m (5.7ms)[0m  CREATE UNIQUE INDEX  "unique_schema_migrations" ON "schema_migrations"  ("version")
  [1m[36mActiveRecord::SchemaMigration Load (1.6ms)[0m  [1mSELECT "schema_migrations".* FROM "schema_migrations"[0m
Migrating to CreateExpositionPosters (20160106220615)
  [1m[35m (1.2ms)[0m  BEGIN
  [1m[36m (25.2ms)[0m  [1mCREATE TABLE "exposition_posts" ("id" serial primary key, "title" character varying, "body" text, "published" boolean DEFAULT 'f' NOT NULL, "published_at" date, "created_at" timestamp NOT NULL, "updated_at" timestamp NOT NULL) [0m
  [1m[35mSQL (2.9ms)[0m  INSERT INTO "schema_migrations" ("version") VALUES ($1)  [["version", "20160106220615"]]
  [1m[36m (0.6ms)[0m  [1mCOMMIT[0m
  [1m[35mActiveRecord::SchemaMigration Load (0.3ms)[0m  SELECT "schema_migrations".* FROM "schema_migrations"
  [1m[36m (7.2ms)[0m  [1mSELECT t2.oid::regclass::text AS to_table, a1.attname AS column, a2.attname AS primary_key, c.conname AS name, c.confupdtype AS on_update, c.confdeltype AS on_delete
FROM pg_constraint c
JOIN pg_class t1 ON c.conrelid = t1.oid
JOIN pg_class t2 ON c.confrelid = t2.oid
JOIN pg_attribute a1 ON a1.attnum = c.conkey[1] AND a1.attrelid = t1.oid
JOIN pg_attribute a2 ON a2.attnum = c.confkey[1] AND a2.attrelid = t2.oid
JOIN pg_namespace t3 ON c.connamespace = t3.oid
WHERE c.contype = 'f'
  AND t1.relname = 'exposition_posts'
  AND t3.nspname = ANY (current_schemas(false))
ORDER BY c.conname
[0m
  [1m[36mActiveRecord::SchemaMigration Load (3.7ms)[0m  [1mSELECT "schema_migrations".* FROM "schema_migrations"[0m
  [1m[35mActiveRecord::SchemaMigration Load (0.4ms)[0m  SELECT "schema_migrations".* FROM "schema_migrations"
  [1m[36m (8.0ms)[0m  [1mSELECT t2.oid::regclass::text AS to_table, a1.attname AS column, a2.attname AS primary_key, c.conname AS name, c.confupdtype AS on_update, c.confdeltype AS on_delete
FROM pg_constraint c
JOIN pg_class t1 ON c.conrelid = t1.oid
JOIN pg_class t2 ON c.confrelid = t2.oid
JOIN pg_attribute a1 ON a1.attnum = c.conkey[1] AND a1.attrelid = t1.oid
JOIN pg_attribute a2 ON a2.attnum = c.confkey[1] AND a2.attrelid = t2.oid
JOIN pg_namespace t3 ON c.connamespace = t3.oid
WHERE c.contype = 'f'
  AND t1.relname = 'exposition_posts'
  AND t3.nspname = ANY (current_schemas(false))
ORDER BY c.conname
[0m
  [1m[36mActiveRecord::SchemaMigration Load (0.7ms)[0m  [1mSELECT "schema_migrations".* FROM "schema_migrations"[0m
Migrating to AddAuthorIdToPosts (20160108191730)
  [1m[35m (0.4ms)[0m  BEGIN
  [1m[36m (3.6ms)[0m  [1mALTER TABLE "posts" ADD "author_id" integer[0m
  [1m[35m (0.3ms)[0m  ROLLBACK
  [1m[36mActiveRecord::SchemaMigration Load (3.8ms)[0m  [1mSELECT "schema_migrations".* FROM "schema_migrations"[0m
Migrating to AddAuthorIdToPosts (20160112194424)
  [1m[35m (0.4ms)[0m  BEGIN
  [1m[36m (6.6ms)[0m  [1mALTER TABLE "exposition_posts" ADD "author_id" integer[0m
  [1m[35mSQL (1.0ms)[0m  INSERT INTO "schema_migrations" ("version") VALUES ($1)  [["version", "20160112194424"]]
  [1m[36m (1.9ms)[0m  [1mCOMMIT[0m
Migrating to CreateExpositionUsers (20160112200248)
  [1m[35m (0.4ms)[0m  BEGIN
  [1m[36m (19.3ms)[0m  [1mCREATE TABLE "exposition_users" ("id" serial primary key, "name" character varying, "email" character varying, "password_digest" character varying, "remember_digest" character varying, "created_at" timestamp NOT NULL, "updated_at" timestamp NOT NULL) [0m
  [1m[35m (1.7ms)[0m  CREATE UNIQUE INDEX  "index_exposition_users_on_email" ON "exposition_users"  ("email")
  [1m[36mSQL (0.4ms)[0m  [1mINSERT INTO "schema_migrations" ("version") VALUES ($1)[0m  [["version", "20160112200248"]]
  [1m[35m (0.8ms)[0m  COMMIT
  [1m[36mActiveRecord::SchemaMigration Load (0.6ms)[0m  [1mSELECT "schema_migrations".* FROM "schema_migrations"[0m
  [1m[35m (5.1ms)[0m  SELECT t2.oid::regclass::text AS to_table, a1.attname AS column, a2.attname AS primary_key, c.conname AS name, c.confupdtype AS on_update, c.confdeltype AS on_delete
FROM pg_constraint c
JOIN pg_class t1 ON c.conrelid = t1.oid
JOIN pg_class t2 ON c.confrelid = t2.oid
JOIN pg_attribute a1 ON a1.attnum = c.conkey[1] AND a1.attrelid = t1.oid
JOIN pg_attribute a2 ON a2.attnum = c.confkey[1] AND a2.attrelid = t2.oid
JOIN pg_namespace t3 ON c.connamespace = t3.oid
WHERE c.contype = 'f'
  AND t1.relname = 'exposition_posts'
  AND t3.nspname = ANY (current_schemas(false))
ORDER BY c.conname

  [1m[36m (4.6ms)[0m  [1mSELECT t2.oid::regclass::text AS to_table, a1.attname AS column, a2.attname AS primary_key, c.conname AS name, c.confupdtype AS on_update, c.confdeltype AS on_delete
FROM pg_constraint c
JOIN pg_class t1 ON c.conrelid = t1.oid
JOIN pg_class t2 ON c.confrelid = t2.oid
JOIN pg_attribute a1 ON a1.attnum = c.conkey[1] AND a1.attrelid = t1.oid
JOIN pg_attribute a2 ON a2.attnum = c.confkey[1] AND a2.attrelid = t2.oid
JOIN pg_namespace t3 ON c.connamespace = t3.oid
WHERE c.contype = 'f'
  AND t1.relname = 'exposition_users'
  AND t3.nspname = ANY (current_schemas(false))
ORDER BY c.conname
[0m
  [1m[36mSQL (1.0ms)[0m  [1mCREATE EXTENSION IF NOT EXISTS "plpgsql"[0m
  [1m[35m (9.7ms)[0m  DROP TABLE "exposition_posts" CASCADE
  [1m[36m (8.8ms)[0m  [1mCREATE TABLE "exposition_posts" ("id" serial primary key, "title" character varying, "body" text, "published" boolean DEFAULT 'f' NOT NULL, "published_at" date, "created_at" timestamp NOT NULL, "updated_at" timestamp NOT NULL, "author_id" integer) [0m
  [1m[35m (3.2ms)[0m  DROP TABLE "exposition_users" CASCADE
  [1m[36m (5.8ms)[0m  [1mCREATE TABLE "exposition_users" ("id" serial primary key, "name" character varying, "email" character varying, "password_digest" character varying, "remember_digest" character varying, "created_at" timestamp NOT NULL, "updated_at" timestamp NOT NULL) [0m
  [1m[35m (2.5ms)[0m  CREATE UNIQUE INDEX  "index_exposition_users_on_email" ON "exposition_users" USING btree ("email")
  [1m[36m (1.2ms)[0m  [1mSELECT version FROM "schema_migrations"[0m
  [1m[35mSQL (0.4ms)[0m  CREATE EXTENSION IF NOT EXISTS "plpgsql"
  [1m[36m (7.6ms)[0m  [1mDROP TABLE "exposition_posts" CASCADE[0m
  [1m[35m (7.4ms)[0m  CREATE TABLE "exposition_posts" ("id" serial primary key, "title" character varying, "body" text, "published" boolean DEFAULT 'f' NOT NULL, "published_at" date, "created_at" timestamp NOT NULL, "updated_at" timestamp NOT NULL, "author_id" integer) 
  [1m[36m (4.4ms)[0m  [1mDROP TABLE "exposition_users" CASCADE[0m
  [1m[35m (6.8ms)[0m  CREATE TABLE "exposition_users" ("id" serial primary key, "name" character varying, "email" character varying, "password_digest" character varying, "remember_digest" character varying, "created_at" timestamp NOT NULL, "updated_at" timestamp NOT NULL) 
  [1m[36m (2.9ms)[0m  [1mCREATE UNIQUE INDEX  "index_exposition_users_on_email" ON "exposition_users" USING btree ("email")[0m
  [1m[35m (1.3ms)[0m  SELECT version FROM "schema_migrations"
  [1m[36m (0.9ms)[0m  [1mINSERT INTO "schema_migrations" (version) VALUES ('20160106220615')[0m
  [1m[35m (0.7ms)[0m  INSERT INTO "schema_migrations" (version) VALUES ('20160112194424')
  [1m[36mActiveRecord::SchemaMigration Load (0.6ms)[0m  [1mSELECT "schema_migrations".* FROM "schema_migrations"[0m
  [1m[36mSQL (0.5ms)[0m  [1mCREATE EXTENSION IF NOT EXISTS "plpgsql"[0m
  [1m[35m (9.4ms)[0m  CREATE TABLE "categorical_taggings" ("id" serial primary key, "taggable_id" integer, "taggable_type" character varying, "tag_id" integer) 
  [1m[36m (2.1ms)[0m  [1mCREATE  INDEX  "index_categorical_taggings_on_taggable_type_and_taggable_id" ON "categorical_taggings" USING btree ("taggable_type", "taggable_id")[0m
  [1m[35m (4.3ms)[0m  CREATE TABLE "categorical_tags" ("id" serial primary key, "label" character varying, "slug" character varying, "created_at" timestamp NOT NULL, "updated_at" timestamp NOT NULL) 
  [1m[36m (2.4ms)[0m  [1mCREATE UNIQUE INDEX  "index_categorical_tags_on_label" ON "categorical_tags" USING btree ("label")[0m
  [1m[35m (1.8ms)[0m  CREATE UNIQUE INDEX  "index_categorical_tags_on_slug" ON "categorical_tags" USING btree ("slug")
  [1m[36m (5.2ms)[0m  [1mDROP TABLE "exposition_posts" CASCADE[0m
  [1m[35m (6.0ms)[0m  CREATE TABLE "exposition_posts" ("id" serial primary key, "title" character varying, "body" text, "published" boolean DEFAULT 'f' NOT NULL, "published_at" date, "created_at" timestamp NOT NULL, "updated_at" timestamp NOT NULL, "author_id" integer, "slug" character varying) 
  [1m[36m (2.6ms)[0m  [1mCREATE UNIQUE INDEX  "index_exposition_posts_on_slug" ON "exposition_posts" USING btree ("slug")[0m
  [1m[35m (4.6ms)[0m  DROP TABLE "exposition_users" CASCADE
  [1m[36m (8.9ms)[0m  [1mCREATE TABLE "exposition_users" ("id" serial primary key, "name" character varying, "email" character varying, "password_digest" character varying, "remember_digest" character varying, "created_at" timestamp NOT NULL, "updated_at" timestamp NOT NULL) [0m
  [1m[35m (1.6ms)[0m  CREATE UNIQUE INDEX  "index_exposition_users_on_email" ON "exposition_users" USING btree ("email")
  [1m[36m (0.8ms)[0m  [1mSELECT version FROM "schema_migrations"[0m
  [1m[35m (0.8ms)[0m  INSERT INTO "schema_migrations" (version) VALUES ('20160112204019')
  [1m[36m (0.7ms)[0m  [1mINSERT INTO "schema_migrations" (version) VALUES ('20160112202302')[0m
  [1m[35mSQL (0.4ms)[0m  CREATE EXTENSION IF NOT EXISTS "plpgsql"
  [1m[36m (3.6ms)[0m  [1mDROP TABLE "categorical_taggings" CASCADE[0m
  [1m[35m (7.0ms)[0m  CREATE TABLE "categorical_taggings" ("id" serial primary key, "taggable_id" integer, "taggable_type" character varying, "tag_id" integer) 
  [1m[36m (2.7ms)[0m  [1mCREATE  INDEX  "index_categorical_taggings_on_taggable_type_and_taggable_id" ON "categorical_taggings" USING btree ("taggable_type", "taggable_id")[0m
  [1m[35m (4.1ms)[0m  DROP TABLE "categorical_tags" CASCADE
  [1m[36m (6.3ms)[0m  [1mCREATE TABLE "categorical_tags" ("id" serial primary key, "label" character varying, "slug" character varying, "created_at" timestamp NOT NULL, "updated_at" timestamp NOT NULL) [0m
  [1m[35m (1.8ms)[0m  CREATE UNIQUE INDEX  "index_categorical_tags_on_label" ON "categorical_tags" USING btree ("label")
  [1m[36m (1.7ms)[0m  [1mCREATE UNIQUE INDEX  "index_categorical_tags_on_slug" ON "categorical_tags" USING btree ("slug")[0m
  [1m[35m (3.5ms)[0m  DROP TABLE "exposition_posts" CASCADE
  [1m[36m (5.3ms)[0m  [1mCREATE TABLE "exposition_posts" ("id" serial primary key, "title" character varying, "body" text, "published" boolean DEFAULT 'f' NOT NULL, "published_at" date, "created_at" timestamp NOT NULL, "updated_at" timestamp NOT NULL, "author_id" integer, "slug" character varying) [0m
  [1m[35m (2.4ms)[0m  CREATE UNIQUE INDEX  "index_exposition_posts_on_slug" ON "exposition_posts" USING btree ("slug")
  [1m[36m (4.2ms)[0m  [1mDROP TABLE "exposition_users" CASCADE[0m
  [1m[35m (4.7ms)[0m  CREATE TABLE "exposition_users" ("id" serial primary key, "name" character varying, "email" character varying, "password_digest" character varying, "remember_digest" character varying, "created_at" timestamp NOT NULL, "updated_at" timestamp NOT NULL) 
  [1m[36m (1.5ms)[0m  [1mCREATE UNIQUE INDEX  "index_exposition_users_on_email" ON "exposition_users" USING btree ("email")[0m
  [1m[35m (0.5ms)[0m  SELECT version FROM "schema_migrations"
  [1m[36mActiveRecord::SchemaMigration Load (0.6ms)[0m  [1mSELECT "schema_migrations".* FROM "schema_migrations"[0m
  [1m[36mSQL (0.6ms)[0m  [1mCREATE EXTENSION IF NOT EXISTS "plpgsql"[0m
  [1m[35m (8.2ms)[0m  CREATE TABLE "categorical_taggings" ("id" serial primary key, "taggable_id" integer, "taggable_type" character varying, "tag_id" integer) 
  [1m[36m (2.6ms)[0m  [1mCREATE  INDEX  "index_categorical_taggings_on_taggable_type_and_taggable_id" ON "categorical_taggings" USING btree ("taggable_type", "taggable_id")[0m
  [1m[35m (5.0ms)[0m  CREATE TABLE "categorical_tags" ("id" serial primary key, "label" character varying, "slug" character varying, "created_at" timestamp NOT NULL, "updated_at" timestamp NOT NULL) 
  [1m[36m (1.4ms)[0m  [1mCREATE UNIQUE INDEX  "index_categorical_tags_on_label" ON "categorical_tags" USING btree ("label")[0m
  [1m[35m (1.5ms)[0m  CREATE UNIQUE INDEX  "index_categorical_tags_on_slug" ON "categorical_tags" USING btree ("slug")
  [1m[36m (5.4ms)[0m  [1mCREATE TABLE "exposition_posts" ("id" serial primary key, "title" character varying, "body" text, "published" boolean DEFAULT 'f' NOT NULL, "published_at" date, "created_at" timestamp NOT NULL, "updated_at" timestamp NOT NULL, "author_id" integer, "slug" character varying) [0m
  [1m[35m (1.7ms)[0m  CREATE UNIQUE INDEX  "index_exposition_posts_on_slug" ON "exposition_posts" USING btree ("slug")
  [1m[36m (7.8ms)[0m  [1mCREATE TABLE "exposition_users" ("id" serial primary key, "name" character varying, "email" character varying, "password_digest" character varying, "remember_digest" character varying, "created_at" timestamp NOT NULL, "updated_at" timestamp NOT NULL) [0m
  [1m[35m (2.5ms)[0m  CREATE UNIQUE INDEX  "index_exposition_users_on_email" ON "exposition_users" USING btree ("email")
  [1m[36m (3.7ms)[0m  [1mCREATE TABLE "schema_migrations" ("version" character varying NOT NULL) [0m
  [1m[35m (2.2ms)[0m  CREATE UNIQUE INDEX  "unique_schema_migrations" ON "schema_migrations"  ("version")
  [1m[36m (0.9ms)[0m  [1mSELECT version FROM "schema_migrations"[0m
  [1m[35m (1.5ms)[0m  INSERT INTO "schema_migrations" (version) VALUES ('20160112204019')
  [1m[36m (0.8ms)[0m  [1mINSERT INTO "schema_migrations" (version) VALUES ('20160106220615')[0m
  [1m[35m (0.8ms)[0m  INSERT INTO "schema_migrations" (version) VALUES ('20160112194424')
  [1m[36m (0.8ms)[0m  [1mINSERT INTO "schema_migrations" (version) VALUES ('20160112200248')[0m
  [1m[35m (0.6ms)[0m  INSERT INTO "schema_migrations" (version) VALUES ('20160112202302')
  [1m[36mSQL (0.6ms)[0m  [1mCREATE EXTENSION IF NOT EXISTS "plpgsql"[0m
  [1m[35m (16.9ms)[0m  CREATE TABLE "categorical_taggings" ("id" serial primary key, "taggable_id" integer, "taggable_type" character varying, "tag_id" integer) 
  [1m[36m (1.9ms)[0m  [1mCREATE  INDEX  "index_categorical_taggings_on_taggable_type_and_taggable_id" ON "categorical_taggings" USING btree ("taggable_type", "taggable_id")[0m
  [1m[35m (6.9ms)[0m  CREATE TABLE "categorical_tags" ("id" serial primary key, "label" character varying, "slug" character varying, "created_at" timestamp NOT NULL, "updated_at" timestamp NOT NULL) 
  [1m[36m (1.7ms)[0m  [1mCREATE UNIQUE INDEX  "index_categorical_tags_on_label" ON "categorical_tags" USING btree ("label")[0m
  [1m[35m (1.3ms)[0m  CREATE UNIQUE INDEX  "index_categorical_tags_on_slug" ON "categorical_tags" USING btree ("slug")
  [1m[36m (6.7ms)[0m  [1mCREATE TABLE "exposition_posts" ("id" serial primary key, "title" character varying, "body" text, "published" boolean DEFAULT 'f' NOT NULL, "published_at" date, "created_at" timestamp NOT NULL, "updated_at" timestamp NOT NULL, "author_id" integer, "slug" character varying) [0m
  [1m[35m (2.4ms)[0m  CREATE UNIQUE INDEX  "index_exposition_posts_on_slug" ON "exposition_posts" USING btree ("slug")
  [1m[36m (5.4ms)[0m  [1mCREATE TABLE "exposition_users" ("id" serial primary key, "name" character varying, "email" character varying, "password_digest" character varying, "remember_digest" character varying, "created_at" timestamp NOT NULL, "updated_at" timestamp NOT NULL) [0m
  [1m[35m (1.7ms)[0m  CREATE UNIQUE INDEX  "index_exposition_users_on_email" ON "exposition_users" USING btree ("email")
  [1m[36m (2.9ms)[0m  [1mCREATE TABLE "schema_migrations" ("version" character varying NOT NULL) [0m
  [1m[35m (2.3ms)[0m  CREATE UNIQUE INDEX  "unique_schema_migrations" ON "schema_migrations"  ("version")
  [1m[36m (0.8ms)[0m  [1mSELECT version FROM "schema_migrations"[0m
  [1m[35m (0.8ms)[0m  INSERT INTO "schema_migrations" (version) VALUES ('20160112204019')
  [1m[36m (0.5ms)[0m  [1mINSERT INTO "schema_migrations" (version) VALUES ('20160106220615')[0m
  [1m[35m (0.4ms)[0m  INSERT INTO "schema_migrations" (version) VALUES ('20160112194424')
  [1m[36m (0.5ms)[0m  [1mINSERT INTO "schema_migrations" (version) VALUES ('20160112200248')[0m
  [1m[35m (0.4ms)[0m  INSERT INTO "schema_migrations" (version) VALUES ('20160112202302')
  [1m[36mActiveRecord::SchemaMigration Load (0.7ms)[0m  [1mSELECT "schema_migrations".* FROM "schema_migrations"[0m
